<?xml version="1.0" encoding="UTF-8"?>
<!-- Generated by org.testng.reporters.JUnitReportReporter -->
<testsuite hostname="DESKTOP-VPOCKJB" failures="0" tests="1" name="testcase.RoundTripTest" time="19.144" errors="0" timestamp="2023-07-27T12:21:25 IST" skipped="0">
  <testcase classname="testcase.RoundTripTest" name="getsearchroundtripFlight" time="19.144"/>
</testsuite> <!-- testcase.RoundTripTest -->
