<?xml version="1.0" encoding="UTF-8"?>
<!-- Generated by org.testng.reporters.JUnitReportReporter -->
<testsuite hostname="DESKTOP-VPOCKJB" failures="0" tests="1" name="testcase.SignupTest" time="14.818" errors="0" timestamp="2023-08-02T12:05:30 IST" skipped="0">
  <testcase classname="testcase.SignupTest" name="Signup" time="14.818"/>
</testsuite> <!-- testcase.SignupTest -->
