<?xml version="1.0" encoding="UTF-8"?>
<!-- Generated by org.testng.reporters.JUnitReportReporter -->
<testsuite hostname="DESKTOP-VPOCKJB" failures="0" tests="2" name="testcase.LoginTest" time="19.519" errors="0" timestamp="2023-08-02T12:05:30 IST" skipped="0">
  <testcase classname="testcase.LoginTest" name="LoginwithValidCredentials" time="9.795"/>
  <testcase classname="testcase.LoginTest" name="LoginwithInvalidCredentials" time="9.724"/>
</testsuite> <!-- testcase.LoginTest -->
