<?xml version="1.0" encoding="UTF-8"?>
<!-- Generated by org.testng.reporters.JUnitReportReporter -->
<testsuite hostname="DESKTOP-VPOCKJB" failures="0" tests="1" name="testcase.OnewayTripTest" time="17.006" errors="0" timestamp="2023-08-02T11:46:56 IST" skipped="0">
  <testcase classname="testcase.OnewayTripTest" name="getsearchFlight" time="17.006"/>
</testsuite> <!-- testcase.OnewayTripTest -->
