<?xml version="1.0" encoding="UTF-8"?>
<!-- Generated by org.testng.reporters.JUnitReportReporter -->
<testsuite hostname="DESKTOP-VPOCKJB" failures="0" tests="1" name="testcase.OnewayTripTest" time="18.592" errors="0" timestamp="2023-08-02T12:05:30 IST" skipped="0">
  <testcase classname="testcase.OnewayTripTest" name="getsearchFlight" time="18.592"/>
</testsuite> <!-- testcase.OnewayTripTest -->
