<?xml version="1.0" encoding="UTF-8"?>
<!-- Generated by org.testng.reporters.JUnitReportReporter -->
<testsuite hostname="DESKTOP-VPOCKJB" failures="0" tests="1" name="testcase.RoundTripTest" time="19.581" errors="0" timestamp="2023-08-02T12:05:30 IST" skipped="0">
  <testcase classname="testcase.RoundTripTest" name="getsearchroundtripFlight" time="19.581"/>
</testsuite> <!-- testcase.RoundTripTest -->
